This file contains any messages produced by compilers while
running configure, to aid debugging if configure makes a mistake.

It was created by sshpass configure 1.10, which was
generated by GNU Autoconf 2.71.  Invocation command line was

  $ ./configure

## --------- ##
## Platform. ##
## --------- ##

hostname = Mahanteshs-MacBook-Pro.local
uname -m = arm64
uname -r = 23.0.0
uname -s = Darwin
uname -v = Darwin Kernel Version 23.0.0: Fri Sep 15 14:41:43 PDT 2023; root:xnu-10002.1.13~1/RELEASE_ARM64_T6000

/usr/bin/uname -p = arm
/bin/uname -X     = unknown

/bin/arch              = unknown
/usr/bin/arch -k       = unknown
/usr/convex/getsysinfo = unknown
/usr/bin/hostinfo      = Mach kernel version:
	 Darwin Kernel Version 23.0.0: Fri Sep 15 14:41:43 PDT 2023; root:xnu-10002.1.13~1/RELEASE_ARM64_T6000
Kernel configured for up to 8 processors.
8 processors are physically available.
8 processors are logically available.
Processor type: arm64e (ARM64E)
Processors active: 0 1 2 3 4 5 6 7
Primary memory available: 16.00 gigabytes
Default processor set: 575 tasks, 5904 threads, 8 processors
Load average: 3.78, Mach factor: 5.06
/bin/machine           = unknown
/usr/bin/oslevel       = unknown
/bin/universe          = unknown

PATH: /Users/mgadagin/anaconda3/bin/
PATH: /Users/mgadagin/anaconda3/condabin/
PATH: /opt/local/bin/
PATH: /opt/local/sbin/
PATH: /opt/homebrew/bin/
PATH: /opt/homebrew/sbin/
PATH: /usr/local/bin/
PATH: /System/Cryptexes/App/usr/bin/
PATH: /usr/bin/
PATH: /bin/
PATH: /usr/sbin/
PATH: /sbin/
PATH: /var/run/com.apple.security.cryptexd/codex.system/bootstrap/usr/local/bin/
PATH: /var/run/com.apple.security.cryptexd/codex.system/bootstrap/usr/bin/
PATH: /var/run/com.apple.security.cryptexd/codex.system/bootstrap/usr/appleinternal/bin/
PATH: /Library/Apple/usr/bin/
PATH: /Applications/VMware Fusion.app/Contents/Public/
PATH: /usr/local/share/dotnet/
PATH: ~/.dotnet/tools/


## ----------- ##
## Core tests. ##
## ----------- ##

configure:2449: looking for aux files: config.guess config.sub compile missing install-sh
configure:2462:  trying ./
configure:2491:   ./config.guess found
configure:2491:   ./config.sub found
configure:2491:   ./compile found
configure:2491:   ./missing found
configure:2473:   ./install-sh found
configure:2620: checking for a BSD-compatible install
configure:2693: result: /usr/bin/install -c
configure:2704: checking whether build environment is sane
configure:2759: result: yes
configure:2918: checking for a race-free mkdir -p
configure:2962: result: ./install-sh -c -d
configure:2969: checking for gawk
configure:3004: result: no
configure:2969: checking for mawk
configure:3004: result: no
configure:2969: checking for nawk
configure:3004: result: no
configure:2969: checking for awk
configure:2990: found /usr/bin/awk
configure:3001: result: awk
configure:3012: checking whether make sets $(MAKE)
configure:3035: result: yes
configure:3065: checking whether make supports nested variables
configure:3083: result: yes
configure:3235: checking whether make supports the include directive
configure:3250: make -f confmf.GNU && cat confinc.out
this is the am__doit target
configure:3253: $? = 0
configure:3272: result: yes (GNU style)
configure:3348: checking for gcc
configure:3369: found /usr/bin/gcc
configure:3380: result: gcc
configure:3733: checking for C compiler version
configure:3742: gcc --version >&5
Apple clang version 15.0.0 (clang-1500.0.40.1)
Target: arm64-apple-darwin23.0.0
Thread model: posix
InstalledDir: /Library/Developer/CommandLineTools/usr/bin
configure:3753: $? = 0
configure:3742: gcc -v >&5
Apple clang version 15.0.0 (clang-1500.0.40.1)
Target: arm64-apple-darwin23.0.0
Thread model: posix
InstalledDir: /Library/Developer/CommandLineTools/usr/bin
configure:3753: $? = 0
configure:3742: gcc -V >&5
clang: error: argument to '-V' is missing (expected 1 value)
clang: error: no input files
configure:3753: $? = 1
configure:3742: gcc -qversion >&5
clang: error: unknown argument '-qversion'; did you mean '--version'?
clang: error: no input files
configure:3753: $? = 1
configure:3742: gcc -version >&5
clang: error: unknown argument '-version'; did you mean '--version'?
clang: error: no input files
configure:3753: $? = 1
configure:3773: checking whether the C compiler works
configure:3795: gcc    conftest.c  >&5
configure:3799: $? = 0
configure:3849: result: yes
configure:3852: checking for C compiler default output file name
configure:3854: result: a.out
configure:3860: checking for suffix of executables
configure:3867: gcc -o conftest    conftest.c  >&5
configure:3871: $? = 0
configure:3894: result: 
configure:3916: checking whether we are cross compiling
configure:3924: gcc -o conftest    conftest.c  >&5
configure:3928: $? = 0
configure:3935: ./conftest
configure:3939: $? = 0
configure:3954: result: no
configure:3959: checking for suffix of object files
configure:3982: gcc -c   conftest.c >&5
configure:3986: $? = 0
configure:4008: result: o
configure:4012: checking whether the compiler supports GNU C
configure:4032: gcc -c   conftest.c >&5
configure:4032: $? = 0
configure:4042: result: yes
configure:4053: checking whether gcc accepts -g
configure:4074: gcc -c -g  conftest.c >&5
configure:4074: $? = 0
configure:4118: result: yes
configure:4138: checking for gcc option to enable C11 features
configure:4153: gcc  -c -g -O2  conftest.c >&5
conftest.c:25:14: warning: a function definition without a prototype is deprecated in all versions of C and is not supported in C2x [-Wdeprecated-non-prototype]
static char *e (p, i)
             ^
1 warning generated.
configure:4153: $? = 0
configure:4171: result: none needed
configure:4287: checking whether gcc understands -c and -o together
configure:4310: gcc -c conftest.c -o conftest2.o
configure:4313: $? = 0
configure:4310: gcc -c conftest.c -o conftest2.o
configure:4313: $? = 0
configure:4325: result: yes
configure:4344: checking dependency style of gcc
configure:4456: result: gcc3
configure:4476: checking for stdio.h
configure:4476: gcc -c -g -O2  conftest.c >&5
configure:4476: $? = 0
configure:4476: result: yes
configure:4476: checking for stdlib.h
configure:4476: gcc -c -g -O2  conftest.c >&5
configure:4476: $? = 0
configure:4476: result: yes
configure:4476: checking for string.h
configure:4476: gcc -c -g -O2  conftest.c >&5
configure:4476: $? = 0
configure:4476: result: yes
configure:4476: checking for inttypes.h
configure:4476: gcc -c -g -O2  conftest.c >&5
configure:4476: $? = 0
configure:4476: result: yes
configure:4476: checking for stdint.h
configure:4476: gcc -c -g -O2  conftest.c >&5
configure:4476: $? = 0
configure:4476: result: yes
configure:4476: checking for strings.h
configure:4476: gcc -c -g -O2  conftest.c >&5
configure:4476: $? = 0
configure:4476: result: yes
configure:4476: checking for sys/stat.h
configure:4476: gcc -c -g -O2  conftest.c >&5
configure:4476: $? = 0
configure:4476: result: yes
configure:4476: checking for sys/types.h
configure:4476: gcc -c -g -O2  conftest.c >&5
configure:4476: $? = 0
configure:4476: result: yes
configure:4476: checking for unistd.h
configure:4476: gcc -c -g -O2  conftest.c >&5
configure:4476: $? = 0
configure:4476: result: yes
configure:4476: checking for wchar.h
configure:4476: gcc -c -g -O2  conftest.c >&5
configure:4476: $? = 0
configure:4476: result: yes
configure:4476: checking for minix/config.h
configure:4476: gcc -c -g -O2  conftest.c >&5
conftest.c:49:10: fatal error: 'minix/config.h' file not found
#include <minix/config.h>
         ^~~~~~~~~~~~~~~~
1 error generated.
configure:4476: $? = 1
configure: failed program was:
| /* confdefs.h */
| #define PACKAGE_NAME "sshpass"
| #define PACKAGE_TARNAME "sshpass"
| #define PACKAGE_VERSION "1.10"
| #define PACKAGE_STRING "sshpass 1.10"
| #define PACKAGE_BUGREPORT ""
| #define PACKAGE_URL ""
| #define PACKAGE "sshpass"
| #define VERSION "1.10"
| #define HAVE_STDIO_H 1
| #define HAVE_STDLIB_H 1
| #define HAVE_STRING_H 1
| #define HAVE_INTTYPES_H 1
| #define HAVE_STDINT_H 1
| #define HAVE_STRINGS_H 1
| #define HAVE_SYS_STAT_H 1
| #define HAVE_SYS_TYPES_H 1
| #define HAVE_UNISTD_H 1
| #define HAVE_WCHAR_H 1
| /* end confdefs.h.  */
| #include <stddef.h>
| #ifdef HAVE_STDIO_H
| # include <stdio.h>
| #endif
| #ifdef HAVE_STDLIB_H
| # include <stdlib.h>
| #endif
| #ifdef HAVE_STRING_H
| # include <string.h>
| #endif
| #ifdef HAVE_INTTYPES_H
| # include <inttypes.h>
| #endif
| #ifdef HAVE_STDINT_H
| # include <stdint.h>
| #endif
| #ifdef HAVE_STRINGS_H
| # include <strings.h>
| #endif
| #ifdef HAVE_SYS_TYPES_H
| # include <sys/types.h>
| #endif
| #ifdef HAVE_SYS_STAT_H
| # include <sys/stat.h>
| #endif
| #ifdef HAVE_UNISTD_H
| # include <unistd.h>
| #endif
| #include <minix/config.h>
configure:4476: result: no
configure:4476: checking for vfork.h
configure:4476: gcc -c -g -O2  conftest.c >&5
conftest.c:49:10: fatal error: 'vfork.h' file not found
#include <vfork.h>
         ^~~~~~~~~
1 error generated.
configure:4476: $? = 1
configure: failed program was:
| /* confdefs.h */
| #define PACKAGE_NAME "sshpass"
| #define PACKAGE_TARNAME "sshpass"
| #define PACKAGE_VERSION "1.10"
| #define PACKAGE_STRING "sshpass 1.10"
| #define PACKAGE_BUGREPORT ""
| #define PACKAGE_URL ""
| #define PACKAGE "sshpass"
| #define VERSION "1.10"
| #define HAVE_STDIO_H 1
| #define HAVE_STDLIB_H 1
| #define HAVE_STRING_H 1
| #define HAVE_INTTYPES_H 1
| #define HAVE_STDINT_H 1
| #define HAVE_STRINGS_H 1
| #define HAVE_SYS_STAT_H 1
| #define HAVE_SYS_TYPES_H 1
| #define HAVE_UNISTD_H 1
| #define HAVE_WCHAR_H 1
| /* end confdefs.h.  */
| #include <stddef.h>
| #ifdef HAVE_STDIO_H
| # include <stdio.h>
| #endif
| #ifdef HAVE_STDLIB_H
| # include <stdlib.h>
| #endif
| #ifdef HAVE_STRING_H
| # include <string.h>
| #endif
| #ifdef HAVE_INTTYPES_H
| # include <inttypes.h>
| #endif
| #ifdef HAVE_STDINT_H
| # include <stdint.h>
| #endif
| #ifdef HAVE_STRINGS_H
| # include <strings.h>
| #endif
| #ifdef HAVE_SYS_TYPES_H
| # include <sys/types.h>
| #endif
| #ifdef HAVE_SYS_STAT_H
| # include <sys/stat.h>
| #endif
| #ifdef HAVE_UNISTD_H
| # include <unistd.h>
| #endif
| #include <vfork.h>
configure:4476: result: no
configure:4476: checking for sys/select.h
configure:4476: gcc -c -g -O2  conftest.c >&5
configure:4476: $? = 0
configure:4476: result: yes
configure:4476: checking for sys/socket.h
configure:4476: gcc -c -g -O2  conftest.c >&5
configure:4476: $? = 0
configure:4476: result: yes
configure:4507: checking whether it is safe to define __EXTENSIONS__
configure:4526: gcc -c -g -O2  conftest.c >&5
configure:4526: $? = 0
configure:4534: result: yes
configure:4537: checking whether _XOPEN_SOURCE should be defined
configure:4559: gcc -c -g -O2  conftest.c >&5
configure:4559: $? = 0
configure:4586: result: no
configure:4697: checking for gcc
configure:4729: result: gcc
configure:5082: checking for C compiler version
configure:5091: gcc --version >&5
Apple clang version 15.0.0 (clang-1500.0.40.1)
Target: arm64-apple-darwin23.0.0
Thread model: posix
InstalledDir: /Library/Developer/CommandLineTools/usr/bin
configure:5102: $? = 0
configure:5091: gcc -v >&5
Apple clang version 15.0.0 (clang-1500.0.40.1)
Target: arm64-apple-darwin23.0.0
Thread model: posix
InstalledDir: /Library/Developer/CommandLineTools/usr/bin
configure:5102: $? = 0
configure:5091: gcc -V >&5
clang: error: argument to '-V' is missing (expected 1 value)
clang: error: no input files
configure:5102: $? = 1
configure:5091: gcc -qversion >&5
clang: error: unknown argument '-qversion'; did you mean '--version'?
clang: error: no input files
configure:5102: $? = 1
configure:5091: gcc -version >&5
clang: error: unknown argument '-version'; did you mean '--version'?
clang: error: no input files
configure:5102: $? = 1
configure:5106: checking whether the compiler supports GNU C
configure:5136: result: yes
configure:5147: checking whether gcc accepts -g
configure:5212: result: yes
configure:5232: checking for gcc option to enable C11 features
configure:5265: result: none needed
configure:5381: checking whether gcc understands -c and -o together
configure:5419: result: yes
configure:5438: checking dependency style of gcc
configure:5550: result: gcc3
configure:5569: checking for grep that handles long lines and -e
configure:5633: result: /usr/bin/grep
configure:5641: checking for egrep
configure:5709: result: /usr/bin/grep -E
configure:5715: checking for sys/wait.h that is POSIX.1 compatible
configure:5742: gcc -c -g -O2  conftest.c >&5
configure:5742: $? = 0
configure:5750: result: yes
configure:5758: checking for fcntl.h
configure:5758: gcc -c -g -O2  conftest.c >&5
configure:5758: $? = 0
configure:5758: result: yes
configure:5764: checking for stdlib.h
configure:5764: result: yes
configure:5770: checking for string.h
configure:5770: result: yes
configure:5776: checking for sys/ioctl.h
configure:5776: gcc -c -g -O2  conftest.c >&5
configure:5776: $? = 0
configure:5776: result: yes
configure:5782: checking for unistd.h
configure:5782: result: yes
configure:5788: checking for termios.h
configure:5788: gcc -c -g -O2  conftest.c >&5
configure:5788: $? = 0
configure:5788: result: yes
configure:5797: checking for an ANSI C-conforming const
configure:5864: gcc -c -g -O2  conftest.c >&5
configure:5864: $? = 0
configure:5872: result: yes
configure:5881: checking for pid_t
configure:5881: gcc -c -g -O2  conftest.c >&5
configure:5881: $? = 0
configure:5881: gcc -c -g -O2  conftest.c >&5
conftest.c:79:20: error: expected expression
if (sizeof ((pid_t)))
                   ^
1 error generated.
configure:5881: $? = 1
configure: failed program was:
| /* confdefs.h */
| #define PACKAGE_NAME "sshpass"
| #define PACKAGE_TARNAME "sshpass"
| #define PACKAGE_VERSION "1.10"
| #define PACKAGE_STRING "sshpass 1.10"
| #define PACKAGE_BUGREPORT ""
| #define PACKAGE_URL ""
| #define PACKAGE "sshpass"
| #define VERSION "1.10"
| #define HAVE_STDIO_H 1
| #define HAVE_STDLIB_H 1
| #define HAVE_STRING_H 1
| #define HAVE_INTTYPES_H 1
| #define HAVE_STDINT_H 1
| #define HAVE_STRINGS_H 1
| #define HAVE_SYS_STAT_H 1
| #define HAVE_SYS_TYPES_H 1
| #define HAVE_UNISTD_H 1
| #define HAVE_WCHAR_H 1
| #define HAVE_SYS_SELECT_H 1
| #define HAVE_SYS_SOCKET_H 1
| #define STDC_HEADERS 1
| #define _ALL_SOURCE 1
| #define _DARWIN_C_SOURCE 1
| #define _GNU_SOURCE 1
| #define _HPUX_ALT_XOPEN_SOCKET_API 1
| #define _NETBSD_SOURCE 1
| #define _OPENBSD_SOURCE 1
| #define _POSIX_PTHREAD_SEMANTICS 1
| #define __STDC_WANT_IEC_60559_ATTRIBS_EXT__ 1
| #define __STDC_WANT_IEC_60559_BFP_EXT__ 1
| #define __STDC_WANT_IEC_60559_DFP_EXT__ 1
| #define __STDC_WANT_IEC_60559_FUNCS_EXT__ 1
| #define __STDC_WANT_IEC_60559_TYPES_EXT__ 1
| #define __STDC_WANT_LIB_EXT2__ 1
| #define __STDC_WANT_MATH_SPEC_FUNCS__ 1
| #define _TANDEM_SOURCE 1
| #define __EXTENSIONS__ 1
| #define HAVE_SYS_WAIT_H 1
| #define HAVE_FCNTL_H 1
| #define HAVE_STDLIB_H 1
| #define HAVE_STRING_H 1
| #define HAVE_SYS_IOCTL_H 1
| #define HAVE_UNISTD_H 1
| #define HAVE_TERMIOS_H 1
| /* end confdefs.h.  */
| #include <stddef.h>
| #ifdef HAVE_STDIO_H
| # include <stdio.h>
| #endif
| #ifdef HAVE_STDLIB_H
| # include <stdlib.h>
| #endif
| #ifdef HAVE_STRING_H
| # include <string.h>
| #endif
| #ifdef HAVE_INTTYPES_H
| # include <inttypes.h>
| #endif
| #ifdef HAVE_STDINT_H
| # include <stdint.h>
| #endif
| #ifdef HAVE_STRINGS_H
| # include <strings.h>
| #endif
| #ifdef HAVE_SYS_TYPES_H
| # include <sys/types.h>
| #endif
| #ifdef HAVE_SYS_STAT_H
| # include <sys/stat.h>
| #endif
| #ifdef HAVE_UNISTD_H
| # include <unistd.h>
| #endif
| 
| int
| main (void)
| {
| if (sizeof ((pid_t)))
| 	    return 0;
|   ;
|   return 0;
| }
configure:5881: result: yes
configure:5917: checking for ssize_t
configure:5917: gcc -c -g -O2  conftest.c >&5
configure:5917: $? = 0
configure:5917: gcc -c -g -O2  conftest.c >&5
conftest.c:78:22: error: expected expression
if (sizeof ((ssize_t)))
                     ^
1 error generated.
configure:5917: $? = 1
configure: failed program was:
| /* confdefs.h */
| #define PACKAGE_NAME "sshpass"
| #define PACKAGE_TARNAME "sshpass"
| #define PACKAGE_VERSION "1.10"
| #define PACKAGE_STRING "sshpass 1.10"
| #define PACKAGE_BUGREPORT ""
| #define PACKAGE_URL ""
| #define PACKAGE "sshpass"
| #define VERSION "1.10"
| #define HAVE_STDIO_H 1
| #define HAVE_STDLIB_H 1
| #define HAVE_STRING_H 1
| #define HAVE_INTTYPES_H 1
| #define HAVE_STDINT_H 1
| #define HAVE_STRINGS_H 1
| #define HAVE_SYS_STAT_H 1
| #define HAVE_SYS_TYPES_H 1
| #define HAVE_UNISTD_H 1
| #define HAVE_WCHAR_H 1
| #define HAVE_SYS_SELECT_H 1
| #define HAVE_SYS_SOCKET_H 1
| #define STDC_HEADERS 1
| #define _ALL_SOURCE 1
| #define _DARWIN_C_SOURCE 1
| #define _GNU_SOURCE 1
| #define _HPUX_ALT_XOPEN_SOCKET_API 1
| #define _NETBSD_SOURCE 1
| #define _OPENBSD_SOURCE 1
| #define _POSIX_PTHREAD_SEMANTICS 1
| #define __STDC_WANT_IEC_60559_ATTRIBS_EXT__ 1
| #define __STDC_WANT_IEC_60559_BFP_EXT__ 1
| #define __STDC_WANT_IEC_60559_DFP_EXT__ 1
| #define __STDC_WANT_IEC_60559_FUNCS_EXT__ 1
| #define __STDC_WANT_IEC_60559_TYPES_EXT__ 1
| #define __STDC_WANT_LIB_EXT2__ 1
| #define __STDC_WANT_MATH_SPEC_FUNCS__ 1
| #define _TANDEM_SOURCE 1
| #define __EXTENSIONS__ 1
| #define HAVE_SYS_WAIT_H 1
| #define HAVE_FCNTL_H 1
| #define HAVE_STDLIB_H 1
| #define HAVE_STRING_H 1
| #define HAVE_SYS_IOCTL_H 1
| #define HAVE_UNISTD_H 1
| #define HAVE_TERMIOS_H 1
| /* end confdefs.h.  */
| #include <stddef.h>
| #ifdef HAVE_STDIO_H
| # include <stdio.h>
| #endif
| #ifdef HAVE_STDLIB_H
| # include <stdlib.h>
| #endif
| #ifdef HAVE_STRING_H
| # include <string.h>
| #endif
| #ifdef HAVE_INTTYPES_H
| # include <inttypes.h>
| #endif
| #ifdef HAVE_STDINT_H
| # include <stdint.h>
| #endif
| #ifdef HAVE_STRINGS_H
| # include <strings.h>
| #endif
| #ifdef HAVE_SYS_TYPES_H
| # include <sys/types.h>
| #endif
| #ifdef HAVE_SYS_STAT_H
| # include <sys/stat.h>
| #endif
| #ifdef HAVE_UNISTD_H
| # include <unistd.h>
| #endif
| int
| main (void)
| {
| if (sizeof ((ssize_t)))
| 	    return 0;
|   ;
|   return 0;
| }
configure:5917: result: yes
configure:5934: checking for fork
configure:5934: gcc -o conftest -g -O2   conftest.c  >&5
configure:5934: $? = 0
configure:5934: result: yes
configure:5934: checking for vfork
configure:5934: gcc -o conftest -g -O2   conftest.c  >&5
conftest.c:64:6: warning: incompatible redeclaration of library function 'vfork' [-Wincompatible-library-redeclaration]
char vfork ();
     ^
conftest.c:64:6: note: 'vfork' is a builtin with type 'int (void)'
1 warning generated.
configure:5934: $? = 0
configure:5934: result: yes
configure:5947: checking for working fork
configure:5971: gcc -o conftest -g -O2   conftest.c  >&5
configure:5971: $? = 0
configure:5971: ./conftest
configure:5971: $? = 0
configure:5982: result: yes
configure:6003: checking for working vfork
configure:6132: result: yes
configure:6162: checking how to run the C preprocessor
configure:6188: gcc -E  conftest.c
configure:6188: $? = 0
configure:6203: gcc -E  conftest.c
conftest.c:51:10: fatal error: 'ac_nonexistent.h' file not found
#include <ac_nonexistent.h>
         ^~~~~~~~~~~~~~~~~~
1 error generated.
configure:6203: $? = 1
configure: failed program was:
| /* confdefs.h */
| #define PACKAGE_NAME "sshpass"
| #define PACKAGE_TARNAME "sshpass"
| #define PACKAGE_VERSION "1.10"
| #define PACKAGE_STRING "sshpass 1.10"
| #define PACKAGE_BUGREPORT ""
| #define PACKAGE_URL ""
| #define PACKAGE "sshpass"
| #define VERSION "1.10"
| #define HAVE_STDIO_H 1
| #define HAVE_STDLIB_H 1
| #define HAVE_STRING_H 1
| #define HAVE_INTTYPES_H 1
| #define HAVE_STDINT_H 1
| #define HAVE_STRINGS_H 1
| #define HAVE_SYS_STAT_H 1
| #define HAVE_SYS_TYPES_H 1
| #define HAVE_UNISTD_H 1
| #define HAVE_WCHAR_H 1
| #define HAVE_SYS_SELECT_H 1
| #define HAVE_SYS_SOCKET_H 1
| #define STDC_HEADERS 1
| #define _ALL_SOURCE 1
| #define _DARWIN_C_SOURCE 1
| #define _GNU_SOURCE 1
| #define _HPUX_ALT_XOPEN_SOCKET_API 1
| #define _NETBSD_SOURCE 1
| #define _OPENBSD_SOURCE 1
| #define _POSIX_PTHREAD_SEMANTICS 1
| #define __STDC_WANT_IEC_60559_ATTRIBS_EXT__ 1
| #define __STDC_WANT_IEC_60559_BFP_EXT__ 1
| #define __STDC_WANT_IEC_60559_DFP_EXT__ 1
| #define __STDC_WANT_IEC_60559_FUNCS_EXT__ 1
| #define __STDC_WANT_IEC_60559_TYPES_EXT__ 1
| #define __STDC_WANT_LIB_EXT2__ 1
| #define __STDC_WANT_MATH_SPEC_FUNCS__ 1
| #define _TANDEM_SOURCE 1
| #define __EXTENSIONS__ 1
| #define HAVE_SYS_WAIT_H 1
| #define HAVE_FCNTL_H 1
| #define HAVE_STDLIB_H 1
| #define HAVE_STRING_H 1
| #define HAVE_SYS_IOCTL_H 1
| #define HAVE_UNISTD_H 1
| #define HAVE_TERMIOS_H 1
| #define HAVE_FORK 1
| #define HAVE_VFORK 1
| #define HAVE_WORKING_VFORK 1
| #define HAVE_WORKING_FORK 1
| /* end confdefs.h.  */
| #include <ac_nonexistent.h>
configure:6230: result: gcc -E
configure:6244: gcc -E  conftest.c
configure:6244: $? = 0
configure:6259: gcc -E  conftest.c
conftest.c:51:10: fatal error: 'ac_nonexistent.h' file not found
#include <ac_nonexistent.h>
         ^~~~~~~~~~~~~~~~~~
1 error generated.
configure:6259: $? = 1
configure: failed program was:
| /* confdefs.h */
| #define PACKAGE_NAME "sshpass"
| #define PACKAGE_TARNAME "sshpass"
| #define PACKAGE_VERSION "1.10"
| #define PACKAGE_STRING "sshpass 1.10"
| #define PACKAGE_BUGREPORT ""
| #define PACKAGE_URL ""
| #define PACKAGE "sshpass"
| #define VERSION "1.10"
| #define HAVE_STDIO_H 1
| #define HAVE_STDLIB_H 1
| #define HAVE_STRING_H 1
| #define HAVE_INTTYPES_H 1
| #define HAVE_STDINT_H 1
| #define HAVE_STRINGS_H 1
| #define HAVE_SYS_STAT_H 1
| #define HAVE_SYS_TYPES_H 1
| #define HAVE_UNISTD_H 1
| #define HAVE_WCHAR_H 1
| #define HAVE_SYS_SELECT_H 1
| #define HAVE_SYS_SOCKET_H 1
| #define STDC_HEADERS 1
| #define _ALL_SOURCE 1
| #define _DARWIN_C_SOURCE 1
| #define _GNU_SOURCE 1
| #define _HPUX_ALT_XOPEN_SOCKET_API 1
| #define _NETBSD_SOURCE 1
| #define _OPENBSD_SOURCE 1
| #define _POSIX_PTHREAD_SEMANTICS 1
| #define __STDC_WANT_IEC_60559_ATTRIBS_EXT__ 1
| #define __STDC_WANT_IEC_60559_BFP_EXT__ 1
| #define __STDC_WANT_IEC_60559_DFP_EXT__ 1
| #define __STDC_WANT_IEC_60559_FUNCS_EXT__ 1
| #define __STDC_WANT_IEC_60559_TYPES_EXT__ 1
| #define __STDC_WANT_LIB_EXT2__ 1
| #define __STDC_WANT_MATH_SPEC_FUNCS__ 1
| #define _TANDEM_SOURCE 1
| #define __EXTENSIONS__ 1
| #define HAVE_SYS_WAIT_H 1
| #define HAVE_FCNTL_H 1
| #define HAVE_STDLIB_H 1
| #define HAVE_STRING_H 1
| #define HAVE_SYS_IOCTL_H 1
| #define HAVE_UNISTD_H 1
| #define HAVE_TERMIOS_H 1
| #define HAVE_FORK 1
| #define HAVE_VFORK 1
| #define HAVE_WORKING_VFORK 1
| #define HAVE_WORKING_FORK 1
| /* end confdefs.h.  */
| #include <ac_nonexistent.h>
configure:6291: checking whether gcc needs -traditional
conftest.c:51:10: fatal error: 'termio.h' file not found
#include <termio.h>
         ^~~~~~~~~~
1 error generated.
configure:6328: result: no
configure:6341: checking build system type
configure:6356: result: aarch64-apple-darwin23.0.0
configure:6376: checking host system type
configure:6390: result: aarch64-apple-darwin23.0.0
configure:6410: checking for GNU libc compatible malloc
configure:6442: gcc -o conftest -g -O2   conftest.c  >&5
configure:6442: $? = 0
configure:6442: ./conftest
configure:6442: $? = 0
configure:6453: result: yes
configure:6478: checking types of arguments for select
configure:6508: gcc -c -g -O2  conftest.c >&5
configure:6508: $? = 0
configure:6518: result: int,fd_set *,struct timeval *
configure:6535: checking return type of signal handlers
configure:6554: gcc -c -g -O2  conftest.c >&5
conftest.c:61:8: error: indirection requires pointer operand ('void' invalid)
return *(signal (0, 0)) (0) == 1;
       ^~~~~~~~~~~~~~~~~~~~
1 error generated.
configure:6554: $? = 1
configure: failed program was:
| /* confdefs.h */
| #define PACKAGE_NAME "sshpass"
| #define PACKAGE_TARNAME "sshpass"
| #define PACKAGE_VERSION "1.10"
| #define PACKAGE_STRING "sshpass 1.10"
| #define PACKAGE_BUGREPORT ""
| #define PACKAGE_URL ""
| #define PACKAGE "sshpass"
| #define VERSION "1.10"
| #define HAVE_STDIO_H 1
| #define HAVE_STDLIB_H 1
| #define HAVE_STRING_H 1
| #define HAVE_INTTYPES_H 1
| #define HAVE_STDINT_H 1
| #define HAVE_STRINGS_H 1
| #define HAVE_SYS_STAT_H 1
| #define HAVE_SYS_TYPES_H 1
| #define HAVE_UNISTD_H 1
| #define HAVE_WCHAR_H 1
| #define HAVE_SYS_SELECT_H 1
| #define HAVE_SYS_SOCKET_H 1
| #define STDC_HEADERS 1
| #define _ALL_SOURCE 1
| #define _DARWIN_C_SOURCE 1
| #define _GNU_SOURCE 1
| #define _HPUX_ALT_XOPEN_SOCKET_API 1
| #define _NETBSD_SOURCE 1
| #define _OPENBSD_SOURCE 1
| #define _POSIX_PTHREAD_SEMANTICS 1
| #define __STDC_WANT_IEC_60559_ATTRIBS_EXT__ 1
| #define __STDC_WANT_IEC_60559_BFP_EXT__ 1
| #define __STDC_WANT_IEC_60559_DFP_EXT__ 1
| #define __STDC_WANT_IEC_60559_FUNCS_EXT__ 1
| #define __STDC_WANT_IEC_60559_TYPES_EXT__ 1
| #define __STDC_WANT_LIB_EXT2__ 1
| #define __STDC_WANT_MATH_SPEC_FUNCS__ 1
| #define _TANDEM_SOURCE 1
| #define __EXTENSIONS__ 1
| #define HAVE_SYS_WAIT_H 1
| #define HAVE_FCNTL_H 1
| #define HAVE_STDLIB_H 1
| #define HAVE_STRING_H 1
| #define HAVE_SYS_IOCTL_H 1
| #define HAVE_UNISTD_H 1
| #define HAVE_TERMIOS_H 1
| #define HAVE_FORK 1
| #define HAVE_VFORK 1
| #define HAVE_WORKING_VFORK 1
| #define HAVE_WORKING_FORK 1
| #define HAVE_MALLOC 1
| #define SELECT_TYPE_ARG1 int
| #define SELECT_TYPE_ARG234 (fd_set *)
| #define SELECT_TYPE_ARG5 (struct timeval *)
| /* end confdefs.h.  */
| #include <sys/types.h>
| #include <signal.h>
| 
| int
| main (void)
| {
| return *(signal (0, 0)) (0) == 1;
|   ;
|   return 0;
| }
configure:6562: result: void
configure:6568: checking for select
configure:6568: gcc -o conftest -g -O2   conftest.c  >&5
configure:6568: $? = 0
configure:6568: result: yes
configure:6574: checking for posix_openpt
configure:6574: gcc -o conftest -g -O2   conftest.c  >&5
configure:6574: $? = 0
configure:6574: result: yes
configure:6580: checking for strdup
configure:6580: gcc -o conftest -g -O2   conftest.c  >&5
conftest.c:74:6: warning: incompatible redeclaration of library function 'strdup' [-Wincompatible-library-redeclaration]
char strdup ();
     ^
conftest.c:74:6: note: 'strdup' is a builtin with type 'char *(const char *)'
1 warning generated.
configure:6580: $? = 0
configure:6580: result: yes
configure:6712: checking that generated files are newer than configure
configure:6718: result: done
configure:6745: creating ./config.status

## ---------------------- ##
## Running config.status. ##
## ---------------------- ##

This file was extended by sshpass config.status 1.10, which was
generated by GNU Autoconf 2.71.  Invocation command line was

  CONFIG_FILES    = 
  CONFIG_HEADERS  = 
  CONFIG_LINKS    = 
  CONFIG_COMMANDS = 
  $ ./config.status 

on Mahanteshs-MacBook-Pro.local

config.status:896: creating Makefile
config.status:896: creating config.h
config.status:1125: executing depfiles commands
config.status:1202: cd .       && sed -e '/# am--include-marker/d' Makefile         | make -f - am--depfiles
config.status:1207: $? = 0

## ---------------- ##
## Cache variables. ##
## ---------------- ##

ac_cv_build=aarch64-apple-darwin23.0.0
ac_cv_c_compiler_gnu=yes
ac_cv_c_const=yes
ac_cv_env_CC_set=
ac_cv_env_CC_value=
ac_cv_env_CFLAGS_set=
ac_cv_env_CFLAGS_value=
ac_cv_env_CPPFLAGS_set=
ac_cv_env_CPPFLAGS_value=
ac_cv_env_CPP_set=
ac_cv_env_CPP_value=
ac_cv_env_LDFLAGS_set=
ac_cv_env_LDFLAGS_value=
ac_cv_env_LIBS_set=
ac_cv_env_LIBS_value=
ac_cv_env_build_alias_set=
ac_cv_env_build_alias_value=
ac_cv_env_host_alias_set=
ac_cv_env_host_alias_value=
ac_cv_env_target_alias_set=
ac_cv_env_target_alias_value=
ac_cv_func_fork=yes
ac_cv_func_fork_works=yes
ac_cv_func_malloc_0_nonnull=yes
ac_cv_func_posix_openpt=yes
ac_cv_func_select=yes
ac_cv_func_select_args='int,fd_set *,struct timeval *'
ac_cv_func_strdup=yes
ac_cv_func_vfork=yes
ac_cv_func_vfork_works=yes
ac_cv_header_fcntl_h=yes
ac_cv_header_inttypes_h=yes
ac_cv_header_minix_config_h=no
ac_cv_header_stdint_h=yes
ac_cv_header_stdio_h=yes
ac_cv_header_stdlib_h=yes
ac_cv_header_string_h=yes
ac_cv_header_strings_h=yes
ac_cv_header_sys_ioctl_h=yes
ac_cv_header_sys_select_h=yes
ac_cv_header_sys_socket_h=yes
ac_cv_header_sys_stat_h=yes
ac_cv_header_sys_types_h=yes
ac_cv_header_sys_wait_h=yes
ac_cv_header_termios_h=yes
ac_cv_header_unistd_h=yes
ac_cv_header_vfork_h=no
ac_cv_header_wchar_h=yes
ac_cv_host=aarch64-apple-darwin23.0.0
ac_cv_objext=o
ac_cv_path_EGREP='/usr/bin/grep -E'
ac_cv_path_GREP=/usr/bin/grep
ac_cv_path_install='/usr/bin/install -c'
ac_cv_prog_AWK=awk
ac_cv_prog_CPP='gcc -E'
ac_cv_prog_ac_ct_CC=gcc
ac_cv_prog_cc_c11=
ac_cv_prog_cc_g=yes
ac_cv_prog_cc_stdc=
ac_cv_prog_gcc_traditional=no
ac_cv_prog_make_make_set=yes
ac_cv_safe_to_define___extensions__=yes
ac_cv_should_define__xopen_source=no
ac_cv_type_pid_t=yes
ac_cv_type_signal=void
ac_cv_type_ssize_t=yes
am_cv_CC_dependencies_compiler_type=gcc3
am_cv_make_support_nested_variables=yes
am_cv_prog_cc_c_o=yes

## ----------------- ##
## Output variables. ##
## ----------------- ##

ACLOCAL='${SHELL} '\''/Users/mgadagin/Code/Playbook/sshpass-1.10/missing'\'' aclocal-1.16'
AMDEPBACKSLASH='\'
AMDEP_FALSE='#'
AMDEP_TRUE=''
AMTAR='$${TAR-tar}'
AM_BACKSLASH='\'
AM_DEFAULT_V='$(AM_DEFAULT_VERBOSITY)'
AM_DEFAULT_VERBOSITY='1'
AM_V='$(V)'
AUTOCONF='${SHELL} '\''/Users/mgadagin/Code/Playbook/sshpass-1.10/missing'\'' autoconf'
AUTOHEADER='${SHELL} '\''/Users/mgadagin/Code/Playbook/sshpass-1.10/missing'\'' autoheader'
AUTOMAKE='${SHELL} '\''/Users/mgadagin/Code/Playbook/sshpass-1.10/missing'\'' automake-1.16'
AWK='awk'
CC='gcc'
CCDEPMODE='depmode=gcc3'
CFLAGS='-g -O2'
CPP='gcc -E'
CPPFLAGS=''
CSCOPE='cscope'
CTAGS='ctags'
CYGPATH_W='echo'
DEFS='-DHAVE_CONFIG_H'
DEPDIR='.deps'
ECHO_C='\c'
ECHO_N=''
ECHO_T=''
EGREP='/usr/bin/grep -E'
ETAGS='etags'
EXEEXT=''
GREP='/usr/bin/grep'
INSTALL_DATA='${INSTALL} -m 644'
INSTALL_PROGRAM='${INSTALL}'
INSTALL_SCRIPT='${INSTALL}'
INSTALL_STRIP_PROGRAM='$(install_sh) -c -s'
LDFLAGS=''
LIBOBJS=''
LIBS=''
LTLIBOBJS=''
MAKEINFO='${SHELL} '\''/Users/mgadagin/Code/Playbook/sshpass-1.10/missing'\'' makeinfo'
MKDIR_P='./install-sh -c -d'
OBJEXT='o'
PACKAGE='sshpass'
PACKAGE_BUGREPORT=''
PACKAGE_NAME='sshpass'
PACKAGE_STRING='sshpass 1.10'
PACKAGE_TARNAME='sshpass'
PACKAGE_URL=''
PACKAGE_VERSION='1.10'
PATH_SEPARATOR=':'
SET_MAKE=''
SHELL='/bin/sh'
STRIP=''
VERSION='1.10'
ac_ct_CC='gcc'
am__EXEEXT_FALSE=''
am__EXEEXT_TRUE='#'
am__fastdepCC_FALSE='#'
am__fastdepCC_TRUE=''
am__include='include'
am__isrc=''
am__leading_dot='.'
am__nodep='_no'
am__quote=''
am__tar='$${TAR-tar} chof - "$$tardir"'
am__untar='$${TAR-tar} xf -'
bindir='${exec_prefix}/bin'
build='aarch64-apple-darwin23.0.0'
build_alias=''
build_cpu='aarch64'
build_os='darwin23.0.0'
build_vendor='apple'
datadir='${datarootdir}'
datarootdir='${prefix}/share'
docdir='${datarootdir}/doc/${PACKAGE_TARNAME}'
dvidir='${docdir}'
exec_prefix='${prefix}'
host='aarch64-apple-darwin23.0.0'
host_alias=''
host_cpu='aarch64'
host_os='darwin23.0.0'
host_vendor='apple'
htmldir='${docdir}'
includedir='${prefix}/include'
infodir='${datarootdir}/info'
install_sh='${SHELL} /Users/mgadagin/Code/Playbook/sshpass-1.10/install-sh'
libdir='${exec_prefix}/lib'
libexecdir='${exec_prefix}/libexec'
localedir='${datarootdir}/locale'
localstatedir='${prefix}/var'
mandir='${datarootdir}/man'
mkdir_p='$(MKDIR_P)'
oldincludedir='/usr/include'
pdfdir='${docdir}'
prefix='/usr/local'
program_transform_name='s,x,x,'
psdir='${docdir}'
runstatedir='${localstatedir}/run'
sbindir='${exec_prefix}/sbin'
sharedstatedir='${prefix}/com'
sysconfdir='${prefix}/etc'
target_alias=''

## ----------- ##
## confdefs.h. ##
## ----------- ##

/* confdefs.h */
#define PACKAGE_NAME "sshpass"
#define PACKAGE_TARNAME "sshpass"
#define PACKAGE_VERSION "1.10"
#define PACKAGE_STRING "sshpass 1.10"
#define PACKAGE_BUGREPORT ""
#define PACKAGE_URL ""
#define PACKAGE "sshpass"
#define VERSION "1.10"
#define HAVE_STDIO_H 1
#define HAVE_STDLIB_H 1
#define HAVE_STRING_H 1
#define HAVE_INTTYPES_H 1
#define HAVE_STDINT_H 1
#define HAVE_STRINGS_H 1
#define HAVE_SYS_STAT_H 1
#define HAVE_SYS_TYPES_H 1
#define HAVE_UNISTD_H 1
#define HAVE_WCHAR_H 1
#define HAVE_SYS_SELECT_H 1
#define HAVE_SYS_SOCKET_H 1
#define STDC_HEADERS 1
#define _ALL_SOURCE 1
#define _DARWIN_C_SOURCE 1
#define _GNU_SOURCE 1
#define _HPUX_ALT_XOPEN_SOCKET_API 1
#define _NETBSD_SOURCE 1
#define _OPENBSD_SOURCE 1
#define _POSIX_PTHREAD_SEMANTICS 1
#define __STDC_WANT_IEC_60559_ATTRIBS_EXT__ 1
#define __STDC_WANT_IEC_60559_BFP_EXT__ 1
#define __STDC_WANT_IEC_60559_DFP_EXT__ 1
#define __STDC_WANT_IEC_60559_FUNCS_EXT__ 1
#define __STDC_WANT_IEC_60559_TYPES_EXT__ 1
#define __STDC_WANT_LIB_EXT2__ 1
#define __STDC_WANT_MATH_SPEC_FUNCS__ 1
#define _TANDEM_SOURCE 1
#define __EXTENSIONS__ 1
#define HAVE_SYS_WAIT_H 1
#define HAVE_FCNTL_H 1
#define HAVE_STDLIB_H 1
#define HAVE_STRING_H 1
#define HAVE_SYS_IOCTL_H 1
#define HAVE_UNISTD_H 1
#define HAVE_TERMIOS_H 1
#define HAVE_FORK 1
#define HAVE_VFORK 1
#define HAVE_WORKING_VFORK 1
#define HAVE_WORKING_FORK 1
#define HAVE_MALLOC 1
#define SELECT_TYPE_ARG1 int
#define SELECT_TYPE_ARG234 (fd_set *)
#define SELECT_TYPE_ARG5 (struct timeval *)
#define RETSIGTYPE void
#define HAVE_SELECT 1
#define HAVE_POSIX_OPENPT 1
#define HAVE_STRDUP 1
#define PASSWORD_PROMPT "assword"

configure: exit 0
